<?xml version="1.0" encoding="UTF-8"?>
<!-- Generated by org.testng.reporters.JUnitReportReporter -->
<testsuite hostname="DESKTOP-3JFDRTB" failures="0" tests="2" name="packageFive.FifthTestCase" time="0.942" errors="0" timestamp="2024-06-03T21:08:54 BDT" skipped="0">
  <testcase classname="packageFive.FifthTestCase" name="login" time="0.421"/>
  <testcase classname="packageFive.FifthTestCase" name="page1" time="0.521"/>
</testsuite> <!-- packageFive.FifthTestCase -->
